[INFO ] 2024-03-04 16:05:01.135 [main] UIKeywords - Chrome browser is open successfully
[INFO ] 2024-03-04 16:05:12.757 [main] UIKeywords - https://www.myntra.com url is open successfully
[INFO ] 2024-03-04 16:05:13.132 [main] BeautyPage - move to beauty tab......
[INFO ] 2024-03-04 16:05:30.129 [main] BeautyPage - click on lipstick item........
[INFO ] 2024-03-04 16:05:30.320 [main] BeautyTest - Brand name is : Lakme
[INFO ] 2024-03-04 16:05:31.018 [main] BeautyTest - Brand name is : Lakme
[INFO ] 2024-03-04 16:05:31.081 [main] BeautyTest - Brand name is : Lakme
[INFO ] 2024-03-04 16:05:31.490 [main] BeautyTest - Brand name is : Lakme
[INFO ] 2024-03-04 16:05:31.508 [main] BeautyTest - Brand name is : Lakme
[INFO ] 2024-03-04 16:05:31.575 [main] BeautyTest - Brand name is : Lakme
[INFO ] 2024-03-04 16:05:31.656 [main] BeautyTest - Brand name is : Lakme
[INFO ] 2024-03-04 16:05:31.777 [main] BeautyTest - Brand name is : Lakme
[INFO ] 2024-03-04 16:05:31.795 [main] BeautyTest - Brand name is : Lakme
[INFO ] 2024-03-04 16:05:33.986 [main] BeautyTest - Brand name is : Lakme
[INFO ] 2024-03-04 16:05:34.053 [main] BeautyTest - Brand name is : Lakme
[INFO ] 2024-03-04 16:05:34.103 [main] BeautyTest - Brand name is : Lakme
[INFO ] 2024-03-04 16:05:35.654 [main] UIKeywords - browser is closed successfully
[INFO ] 2024-03-04 16:51:34.463 [main] UIKeywords - Chrome browser is open successfully
[INFO ] 2024-03-04 16:52:03.952 [main] UIKeywords - https://www.myntra.com url is open successfully
[INFO ] 2024-03-04 16:52:04.328 [main] HomePage - Clicked on searchBox...
[INFO ] 2024-03-04 16:52:08.547 [main] UIKeywords - browser is closed successfully
[INFO ] 2024-03-04 16:52:27.917 [main] UIKeywords - Chrome browser is open successfully
[INFO ] 2024-03-04 16:52:35.038 [main] UIKeywords - https://www.myntra.com url is open successfully
[INFO ] 2024-03-04 16:52:35.265 [main] BeautyPage - move to beauty tab......
[INFO ] 2024-03-04 16:52:47.381 [main] BeautyPage - click on lipstick item........
[INFO ] 2024-03-04 16:52:47.474 [main] BeautyTest - Brand name is : Lakme
[INFO ] 2024-03-04 16:52:47.593 [main] BeautyTest - Brand name is : Lakme
[INFO ] 2024-03-04 16:52:47.672 [main] BeautyTest - Brand name is : Lakme
[INFO ] 2024-03-04 16:52:48.103 [main] BeautyTest - Brand name is : Lakme
[INFO ] 2024-03-04 16:52:48.125 [main] BeautyTest - Brand name is : Lakme
[INFO ] 2024-03-04 16:52:48.163 [main] BeautyTest - Brand name is : Lakme
[INFO ] 2024-03-04 16:52:48.179 [main] BeautyTest - Brand name is : Lakme
[INFO ] 2024-03-04 16:52:48.276 [main] BeautyTest - Brand name is : Lakme
[INFO ] 2024-03-04 16:52:48.298 [main] BeautyTest - Brand name is : Lakme
[INFO ] 2024-03-04 16:52:48.352 [main] BeautyTest - Brand name is : Lakme
[INFO ] 2024-03-04 16:52:49.030 [main] BeautyTest - Brand name is : Lakme
[INFO ] 2024-03-04 16:52:49.083 [main] BeautyTest - Brand name is : Lakme
[INFO ] 2024-03-04 16:52:51.274 [main] UIKeywords - browser is closed successfully
[INFO ] 2024-03-04 18:10:32.209 [main] UIKeywords - Chrome browser is open successfully
[INFO ] 2024-03-04 18:10:45.934 [main] UIKeywords - https://www.myntra.com url is open successfully
[INFO ] 2024-03-04 18:10:48.815 [main] HomePage - Clicked on searchBox...
[INFO ] 2024-03-04 18:10:54.283 [main] UIKeywords - browser is closed successfully
[INFO ] 2024-03-04 18:11:04.313 [main] UIKeywords - Chrome browser is open successfully
[INFO ] 2024-03-04 18:11:05.183 [main] UIKeywords - browser is closed successfully
[INFO ] 2024-03-04 18:11:10.628 [main] UIKeywords - Chrome browser is open successfully
[INFO ] 2024-03-04 18:11:17.480 [main] UIKeywords - https://www.myntra.com url is open successfully
[INFO ] 2024-03-04 18:11:17.722 [main] BeautyPage - move to beauty tab......
[INFO ] 2024-03-04 18:11:29.356 [main] BeautyPage - click on lipstick item........
[INFO ] 2024-03-04 18:11:30.531 [main] BeautyTest - Brand name is : Lakme
[INFO ] 2024-03-04 18:11:30.635 [main] BeautyTest - Brand name is : Lakme
[INFO ] 2024-03-04 18:11:31.786 [main] BeautyTest - Brand name is : Lakme
[INFO ] 2024-03-04 18:11:31.803 [main] BeautyTest - Brand name is : Lakme
[INFO ] 2024-03-04 18:11:31.835 [main] BeautyTest - Brand name is : Lakme
[INFO ] 2024-03-04 18:11:31.853 [main] BeautyTest - Brand name is : Lakme
[INFO ] 2024-03-04 18:11:31.956 [main] BeautyTest - Brand name is : Lakme
[INFO ] 2024-03-04 18:11:31.973 [main] BeautyTest - Brand name is : Lakme
[INFO ] 2024-03-04 18:11:32.005 [main] BeautyTest - Brand name is : Lakme
[INFO ] 2024-03-04 18:11:32.072 [main] BeautyTest - Brand name is : Lakme
[INFO ] 2024-03-04 18:11:32.120 [main] BeautyTest - Brand name is : Lakme
[INFO ] 2024-03-04 18:11:36.789 [main] UIKeywords - browser is closed successfully
[INFO ] 2024-03-04 18:11:52.627 [main] UIKeywords - Chrome browser is open successfully
[INFO ] 2024-03-04 18:11:53.522 [main] UIKeywords - browser is closed successfully
[INFO ] 2024-03-04 18:15:30.508 [main] UIKeywords - Chrome browser is open successfully
[INFO ] 2024-03-04 18:15:50.257 [main] UIKeywords - https://www.myntra.com url is open successfully
[INFO ] 2024-03-04 18:15:51.922 [main] HomePage - Clicked on searchBox...
[INFO ] 2024-03-04 18:15:53.070 [main] UIKeywords - browser is closed successfully
[INFO ] 2024-03-04 18:16:04.720 [main] UIKeywords - Chrome browser is open successfully
[INFO ] 2024-03-04 18:16:04.937 [main] UIKeywords - browser is closed successfully
[INFO ] 2024-03-04 18:16:11.113 [main] UIKeywords - Chrome browser is open successfully
[INFO ] 2024-03-04 18:16:11.744 [main] UIKeywords - https://www.myntra.com url is open successfully
[INFO ] 2024-03-04 18:16:19.639 [main] BeautyPage - move to beauty tab......
[INFO ] 2024-03-04 18:16:40.945 [main] BeautyPage - click on lipstick item........
[INFO ] 2024-03-04 18:16:41.033 [main] BeautyTest - Brand name is : Lakme
[INFO ] 2024-03-04 18:16:41.226 [main] BeautyTest - Brand name is : Lakme
[INFO ] 2024-03-04 18:16:42.272 [main] BeautyTest - Brand name is : Lakme
[INFO ] 2024-03-04 18:16:42.288 [main] BeautyTest - Brand name is : Lakme
[INFO ] 2024-03-04 18:16:42.322 [main] BeautyTest - Brand name is : Lakme
[INFO ] 2024-03-04 18:16:42.348 [main] BeautyTest - Brand name is : Lakme
[INFO ] 2024-03-04 18:16:42.459 [main] BeautyTest - Brand name is : Lakme
[INFO ] 2024-03-04 18:16:42.544 [main] BeautyTest - Brand name is : Lakme
[INFO ] 2024-03-04 18:16:42.611 [main] BeautyTest - Brand name is : Lakme
[INFO ] 2024-03-04 18:16:42.669 [main] BeautyTest - Brand name is : Lakme
[INFO ] 2024-03-04 18:16:42.713 [main] BeautyTest - Brand name is : Lakme
[INFO ] 2024-03-04 18:16:47.537 [main] UIKeywords - browser is closed successfully
[INFO ] 2024-03-04 18:17:03.157 [main] UIKeywords - Chrome browser is open successfully
[INFO ] 2024-03-04 18:17:04.386 [main] UIKeywords - browser is closed successfully
